{"C:\\Users\\Tec\\oci_devops_project\\src\\frontend\\devops-dashboard\\src\\components\\charts\\SprintVelocityChart.tsx": {"path":"C:\\Users\\Tec\\oci_devops_project\\src\\frontend\\devops-dashboard\\src\\components\\charts\\SprintVelocityChart.tsx","statementMap":{"0":{"start":{"line":30,"column":6},"end":{"line":48,"column":null}},"1":{"start":{"line":31,"column":2},"end":{"line":31,"column":null}},"2":{"start":{"line":31,"column":35},"end":{"line":31,"column":null}},"3":{"start":{"line":32,"column":2},"end":{"line":48,"column":null}},"4":{"start":{"line":45,"column":8},"end":{"line":47,"column":null}},"5":{"start":{"line":54,"column":2},"end":{"line":109,"column":null}}},"fnMap":{"0":{"name":"(anonymous_0)","decl":{"start":{"line":30,"column":6},"end":{"line":30,"column":23}},"loc":{"start":{"line":30,"column":94},"end":{"line":48,"column":null}},"line":30},"1":{"name":"(anonymous_1)","decl":{"start":{"line":44,"column":15},"end":{"line":44,"column":20}},"loc":{"start":{"line":45,"column":8},"end":{"line":47,"column":null}},"line":45},"2":{"name":"SprintVelocityChart","decl":{"start":{"line":53,"column":24},"end":{"line":53,"column":44}},"loc":{"start":{"line":53,"column":74},"end":{"line":109,"column":null}},"line":53}},"branchMap":{"0":{"loc":{"start":{"line":31,"column":2},"end":{"line":31,"column":null}},"type":"if","locations":[{"start":{"line":31,"column":2},"end":{"line":31,"column":null}},{"start":{},"end":{}}],"line":31},"1":{"loc":{"start":{"line":31,"column":6},"end":{"line":31,"column":35}},"type":"binary-expr","locations":[{"start":{"line":31,"column":6},"end":{"line":31,"column":17}},{"start":{"line":31,"column":17},"end":{"line":31,"column":35}}],"line":31}},"s":{"0":1,"1":0,"2":0,"3":0,"4":0,"5":2},"f":{"0":0,"1":0,"2":2},"b":{"0":[0,0],"1":[0,0]},"meta":{"lastBranch":2,"lastFunction":3,"lastStatement":6,"seen":{"s:30:6:48:Infinity":0,"f:30:6:30:23":0,"b:31:2:31:Infinity:undefined:undefined:undefined:undefined":0,"s:31:2:31:Infinity":1,"b:31:6:31:17:31:17:31:35":1,"s:31:35:31:Infinity":2,"s:32:2:48:Infinity":3,"f:44:15:44:20":1,"s:45:8:47:Infinity":4,"f:53:24:53:44":2,"s:54:2:109:Infinity":5}}}
,"C:\\Users\\Tec\\oci_devops_project\\src\\frontend\\devops-dashboard\\src\\components\\charts\\TaskStatusChart.tsx": {"path":"C:\\Users\\Tec\\oci_devops_project\\src\\frontend\\devops-dashboard\\src\\components\\charts\\TaskStatusChart.tsx","statementMap":{"0":{"start":{"line":17,"column":46},"end":{"line":22,"column":null}},"1":{"start":{"line":34,"column":6},"end":{"line":47,"column":null}},"2":{"start":{"line":35,"column":2},"end":{"line":35,"column":null}},"3":{"start":{"line":35,"column":35},"end":{"line":35,"column":null}},"4":{"start":{"line":36,"column":2},"end":{"line":47,"column":null}},"5":{"start":{"line":53,"column":2},"end":{"line":77,"column":null}},"6":{"start":{"line":70,"column":12},"end":{"line":73,"column":null}}},"fnMap":{"0":{"name":"(anonymous_0)","decl":{"start":{"line":34,"column":6},"end":{"line":34,"column":23}},"loc":{"start":{"line":34,"column":94},"end":{"line":47,"column":null}},"line":34},"1":{"name":"TaskStatusChart","decl":{"start":{"line":52,"column":24},"end":{"line":52,"column":40}},"loc":{"start":{"line":52,"column":70},"end":{"line":77,"column":null}},"line":52},"2":{"name":"(anonymous_2)","decl":{"start":{"line":69,"column":16},"end":{"line":69,"column":21}},"loc":{"start":{"line":70,"column":12},"end":{"line":73,"column":null}},"line":70}},"branchMap":{"0":{"loc":{"start":{"line":35,"column":2},"end":{"line":35,"column":null}},"type":"if","locations":[{"start":{"line":35,"column":2},"end":{"line":35,"column":null}},{"start":{},"end":{}}],"line":35},"1":{"loc":{"start":{"line":35,"column":6},"end":{"line":35,"column":35}},"type":"binary-expr","locations":[{"start":{"line":35,"column":6},"end":{"line":35,"column":17}},{"start":{"line":35,"column":17},"end":{"line":35,"column":35}}],"line":35},"2":{"loc":{"start":{"line":72,"column":20},"end":{"line":72,"column":null}},"type":"binary-expr","locations":[{"start":{"line":72,"column":20},"end":{"line":72,"column":50}},{"start":{"line":72,"column":50},"end":{"line":72,"column":null}}],"line":72}},"s":{"0":1,"1":1,"2":0,"3":0,"4":0,"5":2,"6":4},"f":{"0":0,"1":2,"2":4},"b":{"0":[0,0],"1":[0,0],"2":[4,0]},"meta":{"lastBranch":3,"lastFunction":3,"lastStatement":7,"seen":{"s:17:46:22:Infinity":0,"s:34:6:47:Infinity":1,"f:34:6:34:23":0,"b:35:2:35:Infinity:undefined:undefined:undefined:undefined":0,"s:35:2:35:Infinity":2,"b:35:6:35:17:35:17:35:35":1,"s:35:35:35:Infinity":3,"s:36:2:47:Infinity":4,"f:52:24:52:40":1,"s:53:2:77:Infinity":5,"f:69:16:69:21":2,"s:70:12:73:Infinity":6,"b:72:20:72:50:72:50:72:Infinity":2}}}
,"C:\\Users\\Tec\\oci_devops_project\\src\\frontend\\devops-dashboard\\src\\components\\layout\\PageHeader.module.css": {"path":"C:\\Users\\Tec\\oci_devops_project\\src\\frontend\\devops-dashboard\\src\\components\\layout\\PageHeader.module.css","statementMap":{},"fnMap":{},"branchMap":{},"s":{},"f":{},"b":{},"meta":{"lastBranch":0,"lastFunction":0,"lastStatement":0,"seen":{}}}
,"C:\\Users\\Tec\\oci_devops_project\\src\\frontend\\devops-dashboard\\src\\components\\layout\\PageHeader.tsx": {"path":"C:\\Users\\Tec\\oci_devops_project\\src\\frontend\\devops-dashboard\\src\\components\\layout\\PageHeader.tsx","statementMap":{"0":{"start":{"line":11,"column":9},"end":{"line":11,"column":43}},"1":{"start":{"line":13,"column":2},"end":{"line":37,"column":null}}},"fnMap":{"0":{"name":"PageHeader","decl":{"start":{"line":10,"column":24},"end":{"line":10,"column":35}},"loc":{"start":{"line":10,"column":96},"end":{"line":37,"column":null}},"line":10}},"branchMap":{"0":{"loc":{"start":{"line":22,"column":11},"end":{"line":22,"column":null}},"type":"binary-expr","locations":[{"start":{"line":22,"column":11},"end":{"line":22,"column":23}},{"start":{"line":22,"column":23},"end":{"line":22,"column":null}}],"line":22}},"s":{"0":2,"1":2},"f":{"0":2},"b":{"0":[2,2]},"meta":{"lastBranch":1,"lastFunction":1,"lastStatement":2,"seen":{"f:10:24:10:35":0,"s:11:9:11:43":0,"s:13:2:37:Infinity":1,"b:22:11:22:23:22:23:22:Infinity":0}}}
,"C:\\Users\\Tec\\oci_devops_project\\src\\frontend\\devops-dashboard\\src\\components\\tasks\\PendingActionsTable.module.css": {"path":"C:\\Users\\Tec\\oci_devops_project\\src\\frontend\\devops-dashboard\\src\\components\\tasks\\PendingActionsTable.module.css","statementMap":{},"fnMap":{},"branchMap":{},"s":{},"f":{},"b":{},"meta":{"lastBranch":0,"lastFunction":0,"lastStatement":0,"seen":{}}}
,"C:\\Users\\Tec\\oci_devops_project\\src\\frontend\\devops-dashboard\\src\\components\\tasks\\PendingActionsTable.tsx": {"path":"C:\\Users\\Tec\\oci_devops_project\\src\\frontend\\devops-dashboard\\src\\components\\tasks\\PendingActionsTable.tsx","statementMap":{"0":{"start":{"line":9,"column":6},"end":{"line":12,"column":null}},"1":{"start":{"line":10,"column":2},"end":{"line":12,"column":null}},"2":{"start":{"line":17,"column":2},"end":{"line":18,"column":null}},"3":{"start":{"line":18,"column":4},"end":{"line":18,"column":null}},"4":{"start":{"line":21,"column":2},"end":{"line":47,"column":null}},"5":{"start":{"line":33,"column":10},"end":{"line":45,"column":null}}},"fnMap":{"0":{"name":"(anonymous_0)","decl":{"start":{"line":9,"column":6},"end":{"line":9,"column":null}},"loc":{"start":{"line":10,"column":2},"end":{"line":12,"column":null}},"line":10},"1":{"name":"PendingActionsTable","decl":{"start":{"line":16,"column":24},"end":{"line":16,"column":44}},"loc":{"start":{"line":16,"column":74},"end":{"line":47,"column":null}},"line":16},"2":{"name":"(anonymous_2)","decl":{"start":{"line":32,"column":14},"end":{"line":32,"column":19}},"loc":{"start":{"line":33,"column":10},"end":{"line":45,"column":null}},"line":33}},"branchMap":{"0":{"loc":{"start":{"line":17,"column":2},"end":{"line":18,"column":null}},"type":"if","locations":[{"start":{"line":17,"column":2},"end":{"line":18,"column":null}},{"start":{},"end":{}}],"line":17}},"s":{"0":1,"1":7,"2":2,"3":0,"4":2,"5":7},"f":{"0":7,"1":2,"2":7},"b":{"0":[0,2]},"meta":{"lastBranch":1,"lastFunction":3,"lastStatement":6,"seen":{"s:9:6:12:Infinity":0,"f:9:6:9:Infinity":0,"s:10:2:12:Infinity":1,"f:16:24:16:44":1,"b:17:2:18:Infinity:undefined:undefined:undefined:undefined":0,"s:17:2:18:Infinity":2,"s:18:4:18:Infinity":3,"s:21:2:47:Infinity":4,"f:32:14:32:19":2,"s:33:10:45:Infinity":5}}}
,"C:\\Users\\Tec\\oci_devops_project\\src\\frontend\\devops-dashboard\\src\\components\\tasks\\RecentActivity.module.css": {"path":"C:\\Users\\Tec\\oci_devops_project\\src\\frontend\\devops-dashboard\\src\\components\\tasks\\RecentActivity.module.css","statementMap":{},"fnMap":{},"branchMap":{},"s":{},"f":{},"b":{},"meta":{"lastBranch":0,"lastFunction":0,"lastStatement":0,"seen":{}}}
,"C:\\Users\\Tec\\oci_devops_project\\src\\frontend\\devops-dashboard\\src\\components\\tasks\\RecentActivity.tsx": {"path":"C:\\Users\\Tec\\oci_devops_project\\src\\frontend\\devops-dashboard\\src\\components\\tasks\\RecentActivity.tsx","statementMap":{"0":{"start":{"line":10,"column":14},"end":{"line":10,"column":51}},"1":{"start":{"line":11,"column":2},"end":{"line":11,"column":null}},"2":{"start":{"line":15,"column":2},"end":{"line":19,"column":null}},"3":{"start":{"line":16,"column":4},"end":{"line":16,"column":null}},"4":{"start":{"line":16,"column":25},"end":{"line":16,"column":null}},"5":{"start":{"line":17,"column":4},"end":{"line":17,"column":null}},"6":{"start":{"line":18,"column":4},"end":{"line":18,"column":null}},"7":{"start":{"line":22,"column":6},"end":{"line":25,"column":null}},"8":{"start":{"line":23,"column":2},"end":{"line":25,"column":null}},"9":{"start":{"line":28,"column":6},"end":{"line":31,"column":null}},"10":{"start":{"line":29,"column":2},"end":{"line":31,"column":null}},"11":{"start":{"line":35,"column":2},"end":{"line":36,"column":null}},"12":{"start":{"line":36,"column":4},"end":{"line":36,"column":null}},"13":{"start":{"line":39,"column":17},"end":{"line":39,"column":35}},"14":{"start":{"line":41,"column":2},"end":{"line":63,"column":null}},"15":{"start":{"line":44,"column":8},"end":{"line":61,"column":null}},"16":{"start":{"line":47,"column":12},"end":{"line":59,"column":null}}},"fnMap":{"0":{"name":"StatusBadge","decl":{"start":{"line":9,"column":9},"end":{"line":9,"column":21}},"loc":{"start":{"line":9,"column":66},"end":{"line":11,"column":null}},"line":9},"1":{"name":"groupByDate","decl":{"start":{"line":14,"column":9},"end":{"line":14,"column":21}},"loc":{"start":{"line":14,"column":82},"end":{"line":19,"column":null}},"line":14},"2":{"name":"(anonymous_2)","decl":{"start":{"line":15,"column":15},"end":{"line":15,"column":58}},"loc":{"start":{"line":15,"column":72},"end":{"line":19,"column":7}},"line":15},"3":{"name":"(anonymous_3)","decl":{"start":{"line":22,"column":6},"end":{"line":22,"column":null}},"loc":{"start":{"line":23,"column":2},"end":{"line":25,"column":null}},"line":23},"4":{"name":"(anonymous_4)","decl":{"start":{"line":28,"column":6},"end":{"line":28,"column":null}},"loc":{"start":{"line":29,"column":2},"end":{"line":31,"column":null}},"line":29},"5":{"name":"RecentActivity","decl":{"start":{"line":34,"column":24},"end":{"line":34,"column":39}},"loc":{"start":{"line":34,"column":70},"end":{"line":63,"column":null}},"line":34},"6":{"name":"(anonymous_6)","decl":{"start":{"line":43,"column":30},"end":{"line":43,"column":35}},"loc":{"start":{"line":44,"column":8},"end":{"line":61,"column":null}},"line":44},"7":{"name":"(anonymous_7)","decl":{"start":{"line":46,"column":20},"end":{"line":46,"column":25}},"loc":{"start":{"line":47,"column":12},"end":{"line":59,"column":null}},"line":47}},"branchMap":{"0":{"loc":{"start":{"line":16,"column":4},"end":{"line":16,"column":null}},"type":"if","locations":[{"start":{"line":16,"column":4},"end":{"line":16,"column":null}},{"start":{},"end":{}}],"line":16},"1":{"loc":{"start":{"line":35,"column":2},"end":{"line":36,"column":null}},"type":"if","locations":[{"start":{"line":35,"column":2},"end":{"line":36,"column":null}},{"start":{},"end":{}}],"line":35},"2":{"loc":{"start":{"line":49,"column":17},"end":{"line":49,"column":null}},"type":"cond-expr","locations":[{"start":{"line":49,"column":51},"end":{"line":49,"column":69}},{"start":{"line":49,"column":68},"end":{"line":49,"column":null}}],"line":49},"3":{"loc":{"start":{"line":55,"column":19},"end":{"line":55,"column":null}},"type":"binary-expr","locations":[{"start":{"line":55,"column":19},"end":{"line":55,"column":34}},{"start":{"line":55,"column":34},"end":{"line":55,"column":null}}],"line":55}},"s":{"0":3,"1":3,"2":1,"3":3,"4":1,"5":3,"6":3,"7":1,"8":1,"9":1,"10":2,"11":2,"12":1,"13":1,"14":1,"15":1,"16":3},"f":{"0":3,"1":1,"2":3,"3":1,"4":2,"5":2,"6":1,"7":3},"b":{"0":[1,2],"1":[1,1],"2":[1,2],"3":[3,3]},"meta":{"lastBranch":4,"lastFunction":8,"lastStatement":17,"seen":{"f:9:9:9:21":0,"s:10:14:10:51":0,"s:11:2:11:Infinity":1,"f:14:9:14:21":1,"s:15:2:19:Infinity":2,"f:15:15:15:58":2,"b:16:4:16:Infinity:undefined:undefined:undefined:undefined":0,"s:16:4:16:Infinity":3,"s:16:25:16:Infinity":4,"s:17:4:17:Infinity":5,"s:18:4:18:Infinity":6,"s:22:6:25:Infinity":7,"f:22:6:22:Infinity":3,"s:23:2:25:Infinity":8,"s:28:6:31:Infinity":9,"f:28:6:28:Infinity":4,"s:29:2:31:Infinity":10,"f:34:24:34:39":5,"b:35:2:36:Infinity:undefined:undefined:undefined:undefined":1,"s:35:2:36:Infinity":11,"s:36:4:36:Infinity":12,"s:39:17:39:35":13,"s:41:2:63:Infinity":14,"f:43:30:43:35":6,"s:44:8:61:Infinity":15,"f:46:20:46:25":7,"s:47:12:59:Infinity":16,"b:49:51:49:69:49:68:49:Infinity":2,"b:55:19:55:34:55:34:55:Infinity":3}}}
,"C:\\Users\\Tec\\oci_devops_project\\src\\frontend\\devops-dashboard\\src\\components\\tasks\\StatsCards.module.css": {"path":"C:\\Users\\Tec\\oci_devops_project\\src\\frontend\\devops-dashboard\\src\\components\\tasks\\StatsCards.module.css","statementMap":{},"fnMap":{},"branchMap":{},"s":{},"f":{},"b":{},"meta":{"lastBranch":0,"lastFunction":0,"lastStatement":0,"seen":{}}}
,"C:\\Users\\Tec\\oci_devops_project\\src\\frontend\\devops-dashboard\\src\\components\\tasks\\StatsCards.tsx": {"path":"C:\\Users\\Tec\\oci_devops_project\\src\\frontend\\devops-dashboard\\src\\components\\tasks\\StatsCards.tsx","statementMap":{"0":{"start":{"line":17,"column":28},"end":{"line":46,"column":null}},"1":{"start":{"line":23,"column":15},"end":{"line":23,"column":null}},"2":{"start":{"line":30,"column":15},"end":{"line":30,"column":null}},"3":{"start":{"line":37,"column":15},"end":{"line":37,"column":null}},"4":{"start":{"line":44,"column":16},"end":{"line":44,"column":null}},"5":{"start":{"line":49,"column":2},"end":{"line":63,"column":null}},"6":{"start":{"line":52,"column":8},"end":{"line":61,"column":null}}},"fnMap":{"0":{"name":"(anonymous_0)","decl":{"start":{"line":23,"column":4},"end":{"line":23,"column":15}},"loc":{"start":{"line":23,"column":15},"end":{"line":23,"column":null}},"line":23},"1":{"name":"(anonymous_1)","decl":{"start":{"line":30,"column":4},"end":{"line":30,"column":15}},"loc":{"start":{"line":30,"column":15},"end":{"line":30,"column":null}},"line":30},"2":{"name":"(anonymous_2)","decl":{"start":{"line":37,"column":4},"end":{"line":37,"column":15}},"loc":{"start":{"line":37,"column":15},"end":{"line":37,"column":null}},"line":37},"3":{"name":"(anonymous_3)","decl":{"start":{"line":44,"column":4},"end":{"line":44,"column":10}},"loc":{"start":{"line":44,"column":16},"end":{"line":44,"column":null}},"line":44},"4":{"name":"StatsCards","decl":{"start":{"line":48,"column":24},"end":{"line":48,"column":35}},"loc":{"start":{"line":48,"column":66},"end":{"line":63,"column":null}},"line":48},"5":{"name":"(anonymous_5)","decl":{"start":{"line":51,"column":13},"end":{"line":51,"column":18}},"loc":{"start":{"line":52,"column":8},"end":{"line":61,"column":null}},"line":52}},"branchMap":{"0":{"loc":{"start":{"line":44,"column":19},"end":{"line":44,"column":36}},"type":"binary-expr","locations":[{"start":{"line":44,"column":19},"end":{"line":44,"column":33}},{"start":{"line":44,"column":33},"end":{"line":44,"column":36}}],"line":44},"1":{"loc":{"start":{"line":57,"column":44},"end":{"line":57,"column":74}},"type":"binary-expr","locations":[{"start":{"line":57,"column":44},"end":{"line":57,"column":63}},{"start":{"line":57,"column":63},"end":{"line":57,"column":74}}],"line":57}},"s":{"0":1,"1":2,"2":2,"3":2,"4":2,"5":2,"6":8},"f":{"0":2,"1":2,"2":2,"3":2,"4":2,"5":8},"b":{"0":[2,1],"1":[8,4]},"meta":{"lastBranch":2,"lastFunction":6,"lastStatement":7,"seen":{"s:17:28:46:Infinity":0,"f:23:4:23:15":0,"s:23:15:23:Infinity":1,"f:30:4:30:15":1,"s:30:15:30:Infinity":2,"f:37:4:37:15":2,"s:37:15:37:Infinity":3,"f:44:4:44:10":3,"s:44:16:44:Infinity":4,"b:44:19:44:33:44:33:44:36":0,"f:48:24:48:35":4,"s:49:2:63:Infinity":5,"f:51:13:51:18":5,"s:52:8:61:Infinity":6,"b:57:44:57:63:57:63:57:74":1}}}
,"C:\\Users\\Tec\\oci_devops_project\\src\\frontend\\devops-dashboard\\src\\components\\tasks\\TeamWorkload.module.css": {"path":"C:\\Users\\Tec\\oci_devops_project\\src\\frontend\\devops-dashboard\\src\\components\\tasks\\TeamWorkload.module.css","statementMap":{},"fnMap":{},"branchMap":{},"s":{},"f":{},"b":{},"meta":{"lastBranch":0,"lastFunction":0,"lastStatement":0,"seen":{}}}
,"C:\\Users\\Tec\\oci_devops_project\\src\\frontend\\devops-dashboard\\src\\components\\tasks\\TeamWorkload.tsx": {"path":"C:\\Users\\Tec\\oci_devops_project\\src\\frontend\\devops-dashboard\\src\\components\\tasks\\TeamWorkload.tsx","statementMap":{"0":{"start":{"line":9,"column":29},"end":{"line":9,"column":null}},"1":{"start":{"line":12,"column":2},"end":{"line":47,"column":null}},"2":{"start":{"line":20,"column":8},"end":{"line":46,"column":null}}},"fnMap":{"0":{"name":"TeamWorkload","decl":{"start":{"line":11,"column":24},"end":{"line":11,"column":37}},"loc":{"start":{"line":11,"column":70},"end":{"line":47,"column":null}},"line":11},"1":{"name":"(anonymous_1)","decl":{"start":{"line":19,"column":15},"end":{"line":19,"column":20}},"loc":{"start":{"line":20,"column":8},"end":{"line":46,"column":null}},"line":20}},"branchMap":{},"s":{"0":1,"1":2,"2":3},"f":{"0":2,"1":3},"b":{},"meta":{"lastBranch":0,"lastFunction":2,"lastStatement":3,"seen":{"s:9:29:9:Infinity":0,"f:11:24:11:37":0,"s:12:2:47:Infinity":1,"f:19:15:19:20":1,"s:20:8:46:Infinity":2}}}
,"C:\\Users\\Tec\\oci_devops_project\\src\\frontend\\devops-dashboard\\src\\mocks\\fixtures.ts": {"path":"C:\\Users\\Tec\\oci_devops_project\\src\\frontend\\devops-dashboard\\src\\mocks\\fixtures.ts","statementMap":{"0":{"start":{"line":3,"column":24},"end":{"line":10,"column":null}},"1":{"start":{"line":12,"column":25},"end":{"line":41,"column":null}},"2":{"start":{"line":43,"column":34},"end":{"line":57,"column":null}},"3":{"start":{"line":60,"column":25},"end":{"line":66,"column":null}},"4":{"start":{"line":68,"column":28},"end":{"line":93,"column":null}},"5":{"start":{"line":95,"column":28},"end":{"line":100,"column":null}},"6":{"start":{"line":102,"column":30},"end":{"line":107,"column":null}},"7":{"start":{"line":109,"column":34},"end":{"line":114,"column":null}},"8":{"start":{"line":116,"column":25},"end":{"line":120,"column":null}}},"fnMap":{},"branchMap":{},"s":{"0":1,"1":1,"2":1,"3":1,"4":1,"5":1,"6":1,"7":1,"8":1},"f":{},"b":{},"meta":{"lastBranch":0,"lastFunction":0,"lastStatement":9,"seen":{"s:3:24:10:Infinity":0,"s:12:25:41:Infinity":1,"s:43:34:57:Infinity":2,"s:60:25:66:Infinity":3,"s:68:28:93:Infinity":4,"s:95:28:100:Infinity":5,"s:102:30:107:Infinity":6,"s:109:34:114:Infinity":7,"s:116:25:120:Infinity":8}}}
,"C:\\Users\\Tec\\oci_devops_project\\src\\frontend\\devops-dashboard\\src\\pages\\HomePage.module.css": {"path":"C:\\Users\\Tec\\oci_devops_project\\src\\frontend\\devops-dashboard\\src\\pages\\HomePage.module.css","statementMap":{},"fnMap":{},"branchMap":{},"s":{},"f":{},"b":{},"meta":{"lastBranch":0,"lastFunction":0,"lastStatement":0,"seen":{}}}
,"C:\\Users\\Tec\\oci_devops_project\\src\\frontend\\devops-dashboard\\src\\pages\\HomePage.tsx": {"path":"C:\\Users\\Tec\\oci_devops_project\\src\\frontend\\devops-dashboard\\src\\pages\\HomePage.tsx","statementMap":{"0":{"start":{"line":34,"column":35},"end":{"line":116,"column":null}},"1":{"start":{"line":122,"column":10},"end":{"line":122,"column":28}},"2":{"start":{"line":123,"column":17},"end":{"line":123,"column":null}},"3":{"start":{"line":125,"column":15},"end":{"line":125,"column":62}},"4":{"start":{"line":127,"column":2},"end":{"line":156,"column":null}},"5":{"start":{"line":128,"column":20},"end":{"line":128,"column":null}},"6":{"start":{"line":130,"column":4},"end":{"line":151,"column":null}},"7":{"start":{"line":139,"column":8},"end":{"line":139,"column":null}},"8":{"start":{"line":139,"column":23},"end":{"line":139,"column":null}},"9":{"start":{"line":140,"column":8},"end":{"line":147,"column":null}},"10":{"start":{"line":153,"column":4},"end":{"line":154,"column":null}},"11":{"start":{"line":154,"column":6},"end":{"line":154,"column":null}},"12":{"start":{"line":158,"column":2},"end":{"line":197,"column":null}}},"fnMap":{"0":{"name":"HomePage","decl":{"start":{"line":121,"column":24},"end":{"line":121,"column":48}},"loc":{"start":{"line":121,"column":48},"end":{"line":197,"column":null}},"line":121},"1":{"name":"(anonymous_1)","decl":{"start":{"line":127,"column":2},"end":{"line":127,"column":18}},"loc":{"start":{"line":127,"column":18},"end":{"line":156,"column":6}},"line":127},"2":{"name":"(anonymous_2)","decl":{"start":{"line":138,"column":7},"end":{"line":138,"column":13}},"loc":{"start":{"line":138,"column":71},"end":{"line":148,"column":null}},"line":138},"3":{"name":"(anonymous_3)","decl":{"start":{"line":149,"column":7},"end":{"line":149,"column":19}},"loc":{"start":{"line":149,"column":19},"end":{"line":151,"column":null}},"line":149},"4":{"name":"(anonymous_4)","decl":{"start":{"line":153,"column":4},"end":{"line":153,"column":17}},"loc":{"start":{"line":153,"column":17},"end":{"line":154,"column":null}},"line":153}},"branchMap":{"0":{"loc":{"start":{"line":123,"column":17},"end":{"line":123,"column":null}},"type":"binary-expr","locations":[{"start":{"line":123,"column":17},"end":{"line":123,"column":40}},{"start":{"line":123,"column":40},"end":{"line":123,"column":null}}],"line":123},"1":{"loc":{"start":{"line":139,"column":8},"end":{"line":139,"column":null}},"type":"if","locations":[{"start":{"line":139,"column":8},"end":{"line":139,"column":null}},{"start":{},"end":{}}],"line":139}},"s":{"0":1,"1":2,"2":2,"3":2,"4":2,"5":1,"6":1,"7":1,"8":0,"9":1,"10":1,"11":1,"12":2},"f":{"0":2,"1":1,"2":1,"3":0,"4":1},"b":{"0":[2,2],"1":[0,1]},"meta":{"lastBranch":2,"lastFunction":5,"lastStatement":13,"seen":{"s:34:35:116:Infinity":0,"f:121:24:121:48":0,"s:122:10:122:28":1,"s:123:17:123:Infinity":2,"b:123:17:123:40:123:40:123:Infinity":0,"s:125:15:125:62":3,"s:127:2:156:Infinity":4,"f:127:2:127:18":1,"s:128:20:128:Infinity":5,"s:130:4:151:Infinity":6,"f:138:7:138:13":2,"b:139:8:139:Infinity:undefined:undefined:undefined:undefined":1,"s:139:8:139:Infinity":7,"s:139:23:139:Infinity":8,"s:140:8:147:Infinity":9,"f:149:7:149:19":3,"s:153:4:154:Infinity":10,"f:153:4:153:17":4,"s:154:6:154:Infinity":11,"s:158:2:197:Infinity":12}}}
}
